<?xml version="1.0" encoding="UTF-8"?>
<!-- Generated by org.testng.reporters.JUnitXMLReporter -->
<testsuite hostname="JIM-TI9325" name="Default test" tests="3" failures="0" timestamp="14 Jul 2016 14:03:17 GMT" time="66.735" errors="0">
  <testcase name="invalidSearch" time="5.766" classname="test_script.Scenario_Search_TC"/>
  <testcase name="validSearch" time="7.444" classname="test_script.Scenario_Search_TC"/>
  <testcase name="validSearch" time="4.29" classname="test_script.Scenario_Search_TC"/>
</testsuite> <!-- Default test -->
