<?xml version="1.0" encoding="UTF-8"?>
<testng-results skipped="0" failed="0" total="2" passed="2">
  <reporter-output>
  </reporter-output>
  <suite name="Suite" duration-ms="33735" started-at="2016-07-15T09:50:55Z" finished-at="2016-07-15T09:51:28Z">
    <groups>
      <group name="Smoke">
        <method signature="Scenario_Search_TC.validSearch(java.lang.String, java.lang.String, java.lang.String, java.lang.String)[pri:0, instance:test_script.Scenario_Search_TC@4fd00cff]" name="validSearch" class="test_script.Scenario_Search_TC"/>
        <method signature="Search_Login_TC.Valid_Login_test(java.lang.String, java.lang.String, java.lang.String, java.lang.String, java.lang.String)[pri:0, instance:test_script.Search_Login_TC@64056248]" name="Valid_Login_test" class="test_script.Search_Login_TC"/>
      </group> <!-- Smoke -->
      <group name="Regression">
        <method signature="Scenario_Search_TC.validSearch(java.lang.String, java.lang.String, java.lang.String, java.lang.String)[pri:0, instance:test_script.Scenario_Search_TC@4fd00cff]" name="validSearch" class="test_script.Scenario_Search_TC"/>
        <method signature="Search_Login_TC.Valid_Login_test(java.lang.String, java.lang.String, java.lang.String, java.lang.String, java.lang.String)[pri:0, instance:test_script.Search_Login_TC@64056248]" name="Valid_Login_test" class="test_script.Search_Login_TC"/>
      </group> <!-- Regression -->
    </groups>
    <test name="Test" duration-ms="33735" started-at="2016-07-15T09:50:55Z" finished-at="2016-07-15T09:51:28Z">
      <class name="test_script.Scenario_Search_TC">
        <test-method status="PASS" signature="launchBrowser()[pri:0, instance:test_script.Scenario_Search_TC@4fd00cff]" name="launchBrowser" is-config="true" duration-ms="9678" started-at="2016-07-15T15:20:56Z" finished-at="2016-07-15T15:21:06Z">
          <reporter-output>
          </reporter-output>
        </test-method> <!-- launchBrowser -->
        <test-method status="PASS" signature="validSearch(java.lang.String, java.lang.String, java.lang.String, java.lang.String)[pri:0, instance:test_script.Scenario_Search_TC@4fd00cff]" name="validSearch" duration-ms="3315" started-at="2016-07-15T15:21:06Z" data-provider="DP_validSeach" finished-at="2016-07-15T15:21:09Z">
          <params>
            <param index="0">
              <value>
                <![CDATA[GB_09]]>
              </value>
            </param>
            <param index="1">
              <value>
                <![CDATA[1.0]]>
              </value>
            </param>
            <param index="2">
              <value>
                <![CDATA[Ways]]>
              </value>
            </param>
            <param index="3">
              <value>
                <![CDATA[495.0]]>
              </value>
            </param>
          </params>
          <reporter-output>
          </reporter-output>
        </test-method> <!-- validSearch -->
        <test-method status="PASS" signature="tearDown()[pri:0, instance:test_script.Scenario_Search_TC@4fd00cff]" name="tearDown" is-config="true" duration-ms="1943" started-at="2016-07-15T15:21:09Z" finished-at="2016-07-15T15:21:11Z">
          <reporter-output>
          </reporter-output>
        </test-method> <!-- tearDown -->
        <test-method status="PASS" signature="launchBrowser()[pri:0, instance:test_script.Scenario_Search_TC@4fd00cff]" name="launchBrowser" is-config="true" duration-ms="7051" started-at="2016-07-15T15:21:11Z" finished-at="2016-07-15T15:21:18Z">
          <reporter-output>
          </reporter-output>
        </test-method> <!-- launchBrowser -->
        <test-method status="PASS" signature="validSearch(java.lang.String, java.lang.String, java.lang.String, java.lang.String)[pri:0, instance:test_script.Scenario_Search_TC@4fd00cff]" name="validSearch" duration-ms="8422" started-at="2016-07-15T15:21:18Z" data-provider="DP_validSeach" finished-at="2016-07-15T15:21:27Z">
          <params>
            <param index="0">
              <value>
                <![CDATA[GB_10]]>
              </value>
            </param>
            <param index="1">
              <value>
                <![CDATA[1.0]]>
              </value>
            </param>
            <param index="2">
              <value>
                <![CDATA[Chandler]]>
              </value>
            </param>
            <param index="3">
              <value>
                <![CDATA[428.0]]>
              </value>
            </param>
          </params>
          <reporter-output>
          </reporter-output>
        </test-method> <!-- validSearch -->
        <test-method status="PASS" signature="tearDown()[pri:0, instance:test_script.Scenario_Search_TC@4fd00cff]" name="tearDown" is-config="true" duration-ms="1355" started-at="2016-07-15T15:21:27Z" finished-at="2016-07-15T15:21:28Z">
          <reporter-output>
          </reporter-output>
        </test-method> <!-- tearDown -->
      </class> <!-- test_script.Scenario_Search_TC -->
    </test> <!-- Test -->
  </suite> <!-- Suite -->
</testng-results>
